<?xml version="1.0" encoding="UTF-8"?>
<testng-results skipped="0" failed="0" total="0" passed="0">
  <reporter-output>
  </reporter-output>
  <suite name="com.companyname.MVNCucumber2.AppTest" duration-ms="12" started-at="2016-05-09T22:05:36Z" finished-at="2016-05-09T22:05:36Z">
    <groups>
    </groups>
    <test name="Command line test" duration-ms="12" started-at="2016-05-09T22:05:36Z" finished-at="2016-05-09T22:05:36Z">
    </test> <!-- Command line test -->
  </suite> <!-- com.companyname.MVNCucumber2.AppTest -->
</testng-results>
